<?xml version="1.0" encoding="UTF-8"?>
<!-- Generated by org.testng.reporters.JUnitXMLReporter -->
<testsuite ignored="0" hostname="CESIT-LAP-0177" failures="1" tests="1" name="Validation" time="5.586" errors="0" timestamp="2021-10-21T16:43:44 IST">
  <testcase classname="Amazon.TC_Banner01" name="LoginCheck" time="4.503">
    <failure type="org.openqa.selenium.ElementClickInterceptedException" message="element click intercepted: Element &amp;lt;i class=&amp;quot;a-icon a-icon-next-rounded&amp;quot;&amp;gt;...&amp;lt;/i&amp;gt; is not clickable at point (1469, 224). Other element would receive the click: &amp;lt;div id=&amp;quot;nav-cover&amp;quot; style=&amp;quot;z-index: 1; height: 6517px; display: block;&amp;quot;&amp;gt;&amp;lt;/div&amp;gt;
  (Session info: chrome=95.0.4638.54)
Build info: version: &amp;apos;4.0.0-beta-4&amp;apos;, revision: &amp;apos;29f46d02dd&amp;apos;
System info: host: &amp;apos;CESIT-LAP-0177&amp;apos;, ip: &amp;apos;192.168.29.215&amp;apos;, os.name: &amp;apos;Windows 10&amp;apos;, os.arch: &amp;apos;amd64&amp;apos;, os.version: &amp;apos;10.0&amp;apos;, java.version: &amp;apos;16.0.2&amp;apos;
Driver info: org.openqa.selenium.chrome.ChromeDriver
Command: [18c7be8b646603bb70fb2618fcefb542, clickElement {id=ae7464a0-5775-41fc-9a5f-8a157a25693d}]
Capabilities {acceptInsecureCerts: false, browserName: chrome, browserVersion: 95.0.4638.54, chrome: {chromedriverVersion: 95.0.4638.17 (a9d0719444d4b..., userDataDir: C:\Users\IMAMRA~1\AppData\L...}, goog:chromeOptions: {debuggerAddress: localhost:60849}, javascriptEnabled: true, networkConnectionEnabled: false, pageLoadStrategy: normal, platform: WINDOWS, platformName: WINDOWS, proxy: Proxy(), se:cdp: ws://localhost:60849/devtoo..., se:cdpVersion: 95.0.4638.54, setWindowRect: true, strictFileInteractability: false, timeouts: {implicit: 0, pageLoad: 300000, script: 30000}, unhandledPromptBehavior: dismiss and notify, webauthn:extension:credBlob: true, webauthn:extension:largeBlob: true, webauthn:virtualAuthenticators: true}
Element: [[ChromeDriver: chrome on WINDOWS (18c7be8b646603bb70fb2618fcefb542)] -&amp;gt; xpath: //*[@class=&amp;apos;a-carousel-goto-nextpage&amp;apos;]/i]
Session ID: 18c7be8b646603bb70fb2618fcefb542">
      <![CDATA[org.openqa.selenium.ElementClickInterceptedException: element click intercepted: Element <i class="a-icon a-icon-next-rounded">...</i> is not clickable at point (1469, 224). Other element would receive the click: <div id="nav-cover" style="z-index: 1; height: 6517px; display: block;"></div>
  (Session info: chrome=95.0.4638.54)
Build info: version: '4.0.0-beta-4', revision: '29f46d02dd'
System info: host: 'CESIT-LAP-0177', ip: '192.168.29.215', os.name: 'Windows 10', os.arch: 'amd64', os.version: '10.0', java.version: '16.0.2'
Driver info: org.openqa.selenium.chrome.ChromeDriver
Command: [18c7be8b646603bb70fb2618fcefb542, clickElement {id=ae7464a0-5775-41fc-9a5f-8a157a25693d}]
Capabilities {acceptInsecureCerts: false, browserName: chrome, browserVersion: 95.0.4638.54, chrome: {chromedriverVersion: 95.0.4638.17 (a9d0719444d4b..., userDataDir: C:\Users\IMAMRA~1\AppData\L...}, goog:chromeOptions: {debuggerAddress: localhost:60849}, javascriptEnabled: true, networkConnectionEnabled: false, pageLoadStrategy: normal, platform: WINDOWS, platformName: WINDOWS, proxy: Proxy(), se:cdp: ws://localhost:60849/devtoo..., se:cdpVersion: 95.0.4638.54, setWindowRect: true, strictFileInteractability: false, timeouts: {implicit: 0, pageLoad: 300000, script: 30000}, unhandledPromptBehavior: dismiss and notify, webauthn:extension:credBlob: true, webauthn:extension:largeBlob: true, webauthn:virtualAuthenticators: true}
Element: [[ChromeDriver: chrome on WINDOWS (18c7be8b646603bb70fb2618fcefb542)] -> xpath: //*[@class='a-carousel-goto-nextpage']/i]
Session ID: 18c7be8b646603bb70fb2618fcefb542
at org.openqa.selenium.remote.codec.w3c.W3CHttpResponseCodec.createException(W3CHttpResponseCodec.java:200)
at org.openqa.selenium.remote.codec.w3c.W3CHttpResponseCodec.decode(W3CHttpResponseCodec.java:133)
at org.openqa.selenium.remote.codec.w3c.W3CHttpResponseCodec.decode(W3CHttpResponseCodec.java:53)
at org.openqa.selenium.remote.HttpCommandExecutor.execute(HttpCommandExecutor.java:184)
at org.openqa.selenium.remote.service.DriverCommandExecutor.invokeExecute(DriverCommandExecutor.java:162)
at org.openqa.selenium.remote.service.DriverCommandExecutor.execute(DriverCommandExecutor.java:137)
at org.openqa.selenium.remote.RemoteWebDriver.execute(RemoteWebDriver.java:612)
at org.openqa.selenium.remote.RemoteWebElement.execute(RemoteWebElement.java:235)
at org.openqa.selenium.remote.RemoteWebElement.click(RemoteWebElement.java:73)
at utility.Util.clickElement(Util.java:350)
at pageObject.AmazonPage.clickNextBanner(AmazonPage.java:33)
at Amazon.TC_Banner01.LoginCheck(TC_Banner01.java:62)
at java.base/java.util.concurrent.ThreadPoolExecutor.runWorker(ThreadPoolExecutor.java:1130)
at java.base/java.util.concurrent.ThreadPoolExecutor$Worker.run(ThreadPoolExecutor.java:630)
at java.base/java.lang.Thread.run(Thread.java:831)
... Removed 17 stack frames]]>
    </failure>
  </testcase> <!-- LoginCheck -->
</testsuite> <!-- Validation -->
