<?xml version="1.0" encoding="UTF-8"?>
<testng-results ignored="0" total="3" passed="2" failed="1" skipped="0">
  <reporter-output>
  </reporter-output>
  <suite started-at="2021-10-21T16:43:17 IST" name="POCSuite" finished-at="2021-10-21T16:43:44 IST" duration-ms="27107">
    <groups>
    </groups>
    <test started-at="2021-10-21T16:43:17 IST" name="Login Validation" finished-at="2021-10-21T16:43:39 IST" duration-ms="21486">
      <class name="Amazon.TC_TodaysDeals">
        <test-method is-config="true" signature="setUpReport()[pri:0, instance:Amazon.TC_TodaysDeals@3e34ace1]" started-at="2021-10-21T16:43:17 IST" name="setUpReport" finished-at="2021-10-21T16:43:17 IST" duration-ms="8" status="PASS">
          <reporter-output>
          </reporter-output>
        </test-method> <!-- setUpReport -->
        <test-method is-config="true" signature="verifyTestExecution()[pri:0, instance:Amazon.TC_TodaysDeals@3e34ace1]" started-at="2021-10-21T16:43:17 IST" name="verifyTestExecution" finished-at="2021-10-21T16:43:17 IST" duration-ms="3" status="PASS">
          <reporter-output>
          </reporter-output>
        </test-method> <!-- verifyTestExecution -->
        <test-method signature="AutomationCheck(java.util.Hashtable)[pri:0, instance:Amazon.TC_TodaysDeals@3e34ace1]" started-at="2021-10-21T16:43:17 IST" name="AutomationCheck" data-provider="getWebData" finished-at="2021-10-21T16:43:26 IST" duration-ms="9130" status="PASS">
          <params>
            <param index="0">
              <value>
                <![CDATA[{Description=Check Amazon TodaysDeals, PostLogin=Pass, Url=Amazon, PocPassword=, TestName=Amazon TodaysDeals, os=Windows, browser=Chrome, RunMode=Y, PocUsername=, os_version=10, browserVersion=latest}]]>
              </value>
            </param>
          </params>
          <reporter-output>
          </reporter-output>
        </test-method> <!-- AutomationCheck -->
        <test-method is-config="true" signature="getResult(org.testng.ITestResult)[pri:0, instance:Amazon.TC_TodaysDeals@3e34ace1]" started-at="2021-10-21T16:43:26 IST" name="getResult" finished-at="2021-10-21T16:43:26 IST" duration-ms="5" status="PASS">
          <params>
            <param index="0">
              <value>
                <![CDATA[[TestResult name=AutomationCheck status=SUCCESS method=TC_TodaysDeals.AutomationCheck(java.util.Hashtable)[pri:0, instance:Amazon.TC_TodaysDeals@3e34ace1] output={null}]]]>
              </value>
            </param>
          </params>
          <reporter-output>
          </reporter-output>
        </test-method> <!-- getResult -->
        <test-method is-config="true" signature="verifyTestExecution()[pri:0, instance:Amazon.TC_TodaysDeals@3e34ace1]" started-at="2021-10-21T16:43:26 IST" name="verifyTestExecution" finished-at="2021-10-21T16:43:26 IST" duration-ms="2" status="PASS">
          <reporter-output>
          </reporter-output>
        </test-method> <!-- verifyTestExecution -->
        <test-method signature="Electronics(java.util.Hashtable)[pri:0, instance:Amazon.TC_TodaysDeals@3e34ace1]" started-at="2021-10-21T16:43:26 IST" name="Electronics" data-provider="getWebData" finished-at="2021-10-21T16:43:38 IST" duration-ms="11334" status="PASS">
          <params>
            <param index="0">
              <value>
                <![CDATA[{Description=Check Amazon TodaysDeals, PostLogin=Pass, Url=Amazon, PocPassword=, TestName=Amazon TodaysDeals, os=Windows, browser=Chrome, RunMode=Y, PocUsername=, os_version=10, browserVersion=latest}]]>
              </value>
            </param>
          </params>
          <reporter-output>
          </reporter-output>
        </test-method> <!-- Electronics -->
        <test-method is-config="true" signature="getResult(org.testng.ITestResult)[pri:0, instance:Amazon.TC_TodaysDeals@3e34ace1]" started-at="2021-10-21T16:43:38 IST" name="getResult" finished-at="2021-10-21T16:43:38 IST" duration-ms="3" status="PASS">
          <params>
            <param index="0">
              <value>
                <![CDATA[[TestResult name=Electronics status=SUCCESS method=TC_TodaysDeals.Electronics(java.util.Hashtable)[pri:0, instance:Amazon.TC_TodaysDeals@3e34ace1] output={null}]]]>
              </value>
            </param>
          </params>
          <reporter-output>
          </reporter-output>
        </test-method> <!-- getResult -->
        <test-method is-config="true" signature="teardown()[pri:0, instance:Amazon.TC_TodaysDeals@3e34ace1]" started-at="2021-10-21T16:43:38 IST" name="teardown" finished-at="2021-10-21T16:43:39 IST" duration-ms="944" status="PASS">
          <reporter-output>
          </reporter-output>
        </test-method> <!-- teardown -->
      </class> <!-- Amazon.TC_TodaysDeals -->
    </test> <!-- Login Validation -->
    <test started-at="2021-10-21T16:43:39 IST" name="Validation" finished-at="2021-10-21T16:43:44 IST" duration-ms="5586">
      <class name="Amazon.TC_Banner01">
        <test-method is-config="true" signature="initiateReport()[pri:0, instance:Amazon.TC_Banner01@2364305a]" started-at="2021-10-21T16:43:17 IST" name="initiateReport" finished-at="2021-10-21T16:43:17 IST" duration-ms="144" status="PASS">
          <reporter-output>
          </reporter-output>
        </test-method> <!-- initiateReport -->
        <test-method is-config="true" signature="setUpReport()[pri:0, instance:Amazon.TC_Banner01@2364305a]" started-at="2021-10-21T16:43:39 IST" name="setUpReport" finished-at="2021-10-21T16:43:39 IST" duration-ms="1" status="PASS">
          <reporter-output>
          </reporter-output>
        </test-method> <!-- setUpReport -->
        <test-method is-config="true" signature="verifyTestExecution()[pri:0, instance:Amazon.TC_Banner01@2364305a]" started-at="2021-10-21T16:43:39 IST" name="verifyTestExecution" finished-at="2021-10-21T16:43:39 IST" duration-ms="3" status="PASS">
          <reporter-output>
          </reporter-output>
        </test-method> <!-- verifyTestExecution -->
        <test-method signature="LoginCheck(java.util.Hashtable)[pri:0, instance:Amazon.TC_Banner01@2364305a]" started-at="2021-10-21T16:43:39 IST" name="LoginCheck" data-provider="getWebData" finished-at="2021-10-21T16:43:43 IST" duration-ms="4503" status="FAIL">
          <params>
            <param index="0">
              <value>
                <![CDATA[{Description=Check Amazon banners, PostLogin=Pass, Url=Amazon, PocPassword=, TestName=Amazon Banner check, os=Windows, browser=Chrome, RunMode=Y, PocUsername=, os_version=10, browserVersion=latest}]]>
              </value>
            </param>
          </params>
          <exception class="org.openqa.selenium.ElementClickInterceptedException">
            <message>
              <![CDATA[element click intercepted: Element <i class="a-icon a-icon-next-rounded">...</i> is not clickable at point (1469, 224). Other element would receive the click: <div id="nav-cover" style="z-index: 1; height: 6517px; display: block;"></div>
  (Session info: chrome=95.0.4638.54)
Build info: version: '4.0.0-beta-4', revision: '29f46d02dd'
System info: host: 'CESIT-LAP-0177', ip: '192.168.29.215', os.name: 'Windows 10', os.arch: 'amd64', os.version: '10.0', java.version: '16.0.2'
Driver info: org.openqa.selenium.chrome.ChromeDriver
Command: [18c7be8b646603bb70fb2618fcefb542, clickElement {id=ae7464a0-5775-41fc-9a5f-8a157a25693d}]
Capabilities {acceptInsecureCerts: false, browserName: chrome, browserVersion: 95.0.4638.54, chrome: {chromedriverVersion: 95.0.4638.17 (a9d0719444d4b..., userDataDir: C:\Users\IMAMRA~1\AppData\L...}, goog:chromeOptions: {debuggerAddress: localhost:60849}, javascriptEnabled: true, networkConnectionEnabled: false, pageLoadStrategy: normal, platform: WINDOWS, platformName: WINDOWS, proxy: Proxy(), se:cdp: ws://localhost:60849/devtoo..., se:cdpVersion: 95.0.4638.54, setWindowRect: true, strictFileInteractability: false, timeouts: {implicit: 0, pageLoad: 300000, script: 30000}, unhandledPromptBehavior: dismiss and notify, webauthn:extension:credBlob: true, webauthn:extension:largeBlob: true, webauthn:virtualAuthenticators: true}
Element: [[ChromeDriver: chrome on WINDOWS (18c7be8b646603bb70fb2618fcefb542)] -> xpath: //*[@class='a-carousel-goto-nextpage']/i]
Session ID: 18c7be8b646603bb70fb2618fcefb542]]>
            </message>
            <full-stacktrace>
              <![CDATA[org.openqa.selenium.ElementClickInterceptedException: element click intercepted: Element <i class="a-icon a-icon-next-rounded">...</i> is not clickable at point (1469, 224). Other element would receive the click: <div id="nav-cover" style="z-index: 1; height: 6517px; display: block;"></div>
  (Session info: chrome=95.0.4638.54)
Build info: version: '4.0.0-beta-4', revision: '29f46d02dd'
System info: host: 'CESIT-LAP-0177', ip: '192.168.29.215', os.name: 'Windows 10', os.arch: 'amd64', os.version: '10.0', java.version: '16.0.2'
Driver info: org.openqa.selenium.chrome.ChromeDriver
Command: [18c7be8b646603bb70fb2618fcefb542, clickElement {id=ae7464a0-5775-41fc-9a5f-8a157a25693d}]
Capabilities {acceptInsecureCerts: false, browserName: chrome, browserVersion: 95.0.4638.54, chrome: {chromedriverVersion: 95.0.4638.17 (a9d0719444d4b..., userDataDir: C:\Users\IMAMRA~1\AppData\L...}, goog:chromeOptions: {debuggerAddress: localhost:60849}, javascriptEnabled: true, networkConnectionEnabled: false, pageLoadStrategy: normal, platform: WINDOWS, platformName: WINDOWS, proxy: Proxy(), se:cdp: ws://localhost:60849/devtoo..., se:cdpVersion: 95.0.4638.54, setWindowRect: true, strictFileInteractability: false, timeouts: {implicit: 0, pageLoad: 300000, script: 30000}, unhandledPromptBehavior: dismiss and notify, webauthn:extension:credBlob: true, webauthn:extension:largeBlob: true, webauthn:virtualAuthenticators: true}
Element: [[ChromeDriver: chrome on WINDOWS (18c7be8b646603bb70fb2618fcefb542)] -> xpath: //*[@class='a-carousel-goto-nextpage']/i]
Session ID: 18c7be8b646603bb70fb2618fcefb542
at java.base/jdk.internal.reflect.NativeConstructorAccessorImpl.newInstance0(Native Method)
at java.base/jdk.internal.reflect.NativeConstructorAccessorImpl.newInstance(NativeConstructorAccessorImpl.java:78)
at java.base/jdk.internal.reflect.DelegatingConstructorAccessorImpl.newInstance(DelegatingConstructorAccessorImpl.java:45)
at java.base/java.lang.reflect.Constructor.newInstanceWithCaller(Constructor.java:499)
at java.base/java.lang.reflect.Constructor.newInstance(Constructor.java:480)
at org.openqa.selenium.remote.codec.w3c.W3CHttpResponseCodec.createException(W3CHttpResponseCodec.java:200)
at org.openqa.selenium.remote.codec.w3c.W3CHttpResponseCodec.decode(W3CHttpResponseCodec.java:133)
at org.openqa.selenium.remote.codec.w3c.W3CHttpResponseCodec.decode(W3CHttpResponseCodec.java:53)
at org.openqa.selenium.remote.HttpCommandExecutor.execute(HttpCommandExecutor.java:184)
at org.openqa.selenium.remote.service.DriverCommandExecutor.invokeExecute(DriverCommandExecutor.java:162)
at org.openqa.selenium.remote.service.DriverCommandExecutor.execute(DriverCommandExecutor.java:137)
at org.openqa.selenium.remote.RemoteWebDriver.execute(RemoteWebDriver.java:612)
at org.openqa.selenium.remote.RemoteWebElement.execute(RemoteWebElement.java:235)
at org.openqa.selenium.remote.RemoteWebElement.click(RemoteWebElement.java:73)
at utility.Util.clickElement(Util.java:350)
at pageObject.AmazonPage.clickNextBanner(AmazonPage.java:33)
at Amazon.TC_Banner01.LoginCheck(TC_Banner01.java:62)
at java.base/jdk.internal.reflect.NativeMethodAccessorImpl.invoke0(Native Method)
at java.base/jdk.internal.reflect.NativeMethodAccessorImpl.invoke(NativeMethodAccessorImpl.java:78)
at java.base/jdk.internal.reflect.DelegatingMethodAccessorImpl.invoke(DelegatingMethodAccessorImpl.java:43)
at java.base/java.lang.reflect.Method.invoke(Method.java:567)
at org.testng.internal.MethodInvocationHelper.invokeMethod(MethodInvocationHelper.java:133)
at org.testng.internal.TestInvoker.invokeMethod(TestInvoker.java:598)
at org.testng.internal.TestInvoker.invokeTestMethod(TestInvoker.java:173)
at org.testng.internal.MethodRunner.runInSequence(MethodRunner.java:46)
at org.testng.internal.TestInvoker$MethodInvocationAgent.invoke(TestInvoker.java:824)
at org.testng.internal.TestInvoker.invokeTestMethods(TestInvoker.java:146)
at org.testng.internal.TestMethodWorker.invokeTestMethods(TestMethodWorker.java:146)
at org.testng.internal.TestMethodWorker.run(TestMethodWorker.java:128)
at java.base/java.util.concurrent.ThreadPoolExecutor.runWorker(ThreadPoolExecutor.java:1130)
at java.base/java.util.concurrent.ThreadPoolExecutor$Worker.run(ThreadPoolExecutor.java:630)
at java.base/java.lang.Thread.run(Thread.java:831)
]]>
            </full-stacktrace>
          </exception> <!-- org.openqa.selenium.ElementClickInterceptedException -->
          <reporter-output>
          </reporter-output>
        </test-method> <!-- LoginCheck -->
        <test-method is-config="true" signature="getResult(org.testng.ITestResult)[pri:0, instance:Amazon.TC_Banner01@2364305a]" started-at="2021-10-21T16:43:43 IST" name="getResult" finished-at="2021-10-21T16:43:44 IST" duration-ms="858" status="PASS">
          <params>
            <param index="0">
              <value>
                <![CDATA[[TestResult name=LoginCheck status=FAILURE method=TC_Banner01.LoginCheck(java.util.Hashtable)[pri:0, instance:Amazon.TC_Banner01@2364305a] output={null}]]]>
              </value>
            </param>
          </params>
          <reporter-output>
          </reporter-output>
        </test-method> <!-- getResult -->
        <test-method is-config="true" signature="teardown()[pri:0, instance:Amazon.TC_Banner01@2364305a]" started-at="2021-10-21T16:43:44 IST" name="teardown" finished-at="2021-10-21T16:43:44 IST" duration-ms="202" status="PASS">
          <reporter-output>
          </reporter-output>
        </test-method> <!-- teardown -->
      </class> <!-- Amazon.TC_Banner01 -->
    </test> <!-- Validation -->
  </suite> <!-- POCSuite -->
</testng-results>
